# JRE version: OpenJDK Runtime Environment (11.0+28) (build 11+28)
# Java VM: OpenJDK 64-Bit Server VM (11+28, mixed mode, tiered, compressed oops, parallel gc, windows-amd64)
Heap:
 PSYoungGen      total 51712K, used 49175K [0x00000000eab00000, 0x00000000ee180000, 0x0000000100000000)
  eden space 46080K, 100% used [0x00000000eab00000,0x00000000ed800000,0x00000000ed800000)
  from space 5632K, 54% used [0x00000000edc00000,0x00000000edf05d20,0x00000000ee180000)
  to   space 4096K, 93% used [0x00000000ed800000,0x00000000edbbef20,0x00000000edc00000)
 ParOldGen       total 699392K, used 347028K [0x00000000c0000000, 0x00000000eab00000, 0x00000000eab00000)
  object space 699392K, 49% used [0x00000000c0000000,0x00000000d52e5160,0x00000000eab00000)
 Metaspace       used 81820K, capacity 85840K, committed 86104K, reserved 1126400K
  class space    used 7632K, capacity 9009K, committed 9088K, reserved 1048576K
GC Heap History (10 events):
Event: 816.533 GC heap after
{Heap after GC invocations=1196 (full 45):
 PSYoungGen      total 52736K, used 10325K [0x00000000eab00000, 0x00000000eec00000, 0x0000000100000000)
  eden space 41984K, 0% used [0x00000000eab00000,0x00000000eab00000,0x00000000ed400000)
  from space 10752K, 96% used [0x00000000ee180000,0x00000000eeb95458,0x00000000eec00000)
  to   space 10752K, 0% used [0x00000000ed700000,0x00000000ed700000,0x00000000ee180000)
 ParOldGen       total 394240K, used 306503K [0x00000000c0000000, 0x00000000d8100000, 0x00000000eab00000)
  object space 394240K, 77% used [0x00000000c0000000,0x00000000d2b51d08,0x00000000d8100000)
 Metaspace       used 81542K, capacity 85584K, committed 85848K, reserved 1126400K
  class space    used 7610K, capacity 9009K, committed 9088K, reserved 1048576K
}
Event: 817.192 GC heap before
{Heap before GC invocations=1197 (full 45):
 PSYoungGen      total 52736K, used 52270K [0x00000000eab00000, 0x00000000eec00000, 0x0000000100000000)
  eden space 41984K, 99% used [0x00000000eab00000,0x00000000ed3f6400,0x00000000ed400000)
  from space 10752K, 96% used [0x00000000ee180000,0x00000000eeb95458,0x00000000eec00000)
  to   space 10752K, 0% used [0x00000000ed700000,0x00000000ed700000,0x00000000ee180000)
 ParOldGen       total 394240K, used 306503K [0x00000000c0000000, 0x00000000d8100000, 0x00000000eab00000)
  object space 394240K, 77% used [0x00000000c0000000,0x00000000d2b51d08,0x00000000d8100000)
 Metaspace       used 81617K, capacity 85712K, committed 86104K, reserved 1126400K
  class space    used 7610K, capacity 9009K, committed 9088K, reserved 1048576K
}
Event: 817.207 GC heap after
{Heap after GC invocations=1197 (full 45):
 PSYoungGen      total 52224K, used 10734K [0x00000000eab00000, 0x00000000ee980000, 0x0000000100000000)
  eden space 41472K, 0% used [0x00000000eab00000,0x00000000eab00000,0x00000000ed380000)
  from space 10752K, 99% used [0x00000000ed700000,0x00000000ee17bad8,0x00000000ee180000)
  to   space 8192K, 0% used [0x00000000ee180000,0x00000000ee180000,0x00000000ee980000)
 ParOldGen       total 394240K, used 306503K [0x00000000c0000000, 0x00000000d8100000, 0x00000000eab00000)
  object space 394240K, 77% used [0x00000000c0000000,0x00000000d2b51d08,0x00000000d8100000)
 Metaspace       used 81617K, capacity 85712K, committed 86104K, reserved 1126400K
  class space    used 7610K, capacity 9009K, committed 9088K, reserved 1048576K
}
Event: 817.681 GC heap before
{Heap before GC invocations=1198 (full 45):
 PSYoungGen      total 52224K, used 52206K [0x00000000eab00000, 0x00000000ee980000, 0x0000000100000000)
  eden space 41472K, 100% used [0x00000000eab00000,0x00000000ed380000,0x00000000ed380000)
  from space 10752K, 99% used [0x00000000ed700000,0x00000000ee17bad8,0x00000000ee180000)
  to   space 8192K, 0% used [0x00000000ee180000,0x00000000ee180000,0x00000000ee980000)
 ParOldGen       total 394240K, used 306503K [0x00000000c0000000, 0x00000000d8100000, 0x00000000eab00000)
  object space 394240K, 77% used [0x00000000c0000000,0x00000000d2b51d08,0x00000000d8100000)
 Metaspace       used 81636K, capacity 85712K, committed 86104K, reserved 1126400K
  class space    used 7610K, capacity 9009K, committed 9088K, reserved 1048576K
}
Event: 817.702 GC heap after
{Heap after GC invocations=1198 (full 45):
 PSYoungGen      total 49664K, used 8184K [0x00000000eab00000, 0x00000000ee980000, 0x0000000100000000)
  eden space 41472K, 0% used [0x00000000eab00000,0x00000000eab00000,0x00000000ed380000)
  from space 8192K, 99% used [0x00000000ee180000,0x00000000ee97e388,0x00000000ee980000)
  to   space 11264K, 0% used [0x00000000ed380000,0x00000000ed380000,0x00000000ede80000)
 ParOldGen       total 394240K, used 309351K [0x00000000c0000000, 0x00000000d8100000, 0x00000000eab00000)
  object space 394240K, 78% used [0x00000000c0000000,0x00000000d2e19ed0,0x00000000d8100000)
 Metaspace       used 81636K, capacity 85712K, committed 86104K, reserved 1126400K
  class space    used 7610K, capacity 9009K, committed 9088K, reserved 1048576K
}
Event: 819.697 GC heap before
{Heap before GC invocations=1199 (full 45):
 PSYoungGen      total 49664K, used 48646K [0x00000000eab00000, 0x00000000ee980000, 0x0000000100000000)
  eden space 41472K, 97% used [0x00000000eab00000,0x00000000ed2836c0,0x00000000ed380000)
  from space 8192K, 99% used [0x00000000ee180000,0x00000000ee97e388,0x00000000ee980000)
  to   space 11264K, 0% used [0x00000000ed380000,0x00000000ed380000,0x00000000ede80000)
 ParOldGen       total 394240K, used 309351K [0x00000000c0000000, 0x00000000d8100000, 0x00000000eab00000)
  object space 394240K, 78% used [0x00000000c0000000,0x00000000d2e19ed0,0x00000000d8100000)
 Metaspace       used 81674K, capacity 85712K, committed 86104K, reserved 1126400K
  class space    used 7610K, capacity 9009K, committed 9088K, reserved 1048576K
}
Event: 819.716 GC heap after
{Heap after GC invocations=1199 (full 45):
 PSYoungGen      total 45056K, used 3095K [0x00000000eab00000, 0x00000000ee200000, 0x0000000100000000)
  eden space 41472K, 0% used [0x00000000eab00000,0x00000000eab00000,0x00000000ed380000)
  from space 3584K, 86% used [0x00000000ed380000,0x00000000ed685fd0,0x00000000ed700000)
  to   space 6144K, 0% used [0x00000000edc00000,0x00000000edc00000,0x00000000ee200000)
 ParOldGen       total 394240K, used 315932K [0x00000000c0000000, 0x00000000d8100000, 0x00000000eab00000)
  object space 394240K, 80% used [0x00000000c0000000,0x00000000d3487130,0x00000000d8100000)
 Metaspace       used 81674K, capacity 85712K, committed 86104K, reserved 1126400K
  class space    used 7610K, capacity 9009K, committed 9088K, reserved 1048576K
}
Event: 819.722 GC heap before
{Heap before GC invocations=1200 (full 45):
 PSYoungGen      total 45056K, used 41738K [0x00000000eab00000, 0x00000000ee200000, 0x0000000100000000)
  eden space 41472K, 93% used [0x00000000eab00000,0x00000000ed0bcb88,0x00000000ed380000)
  from space 3584K, 86% used [0x00000000ed380000,0x00000000ed685fd0,0x00000000ed700000)
  to   space 6144K, 0% used [0x00000000edc00000,0x00000000edc00000,0x00000000ee200000)
 ParOldGen       total 394240K, used 315932K [0x00000000c0000000, 0x00000000d8100000, 0x00000000eab00000)
  object space 394240K, 80% used [0x00000000c0000000,0x00000000d3487130,0x00000000d8100000)
 Metaspace       used 81674K, capacity 85712K, committed 86104K, reserved 1126400K
  class space    used 7610K, capacity 9009K, committed 9088K, reserved 1048576K
}
Event: 819.738 GC heap after
{Heap after GC invocations=1200 (full 45):
 PSYoungGen      total 51712K, used 3095K [0x00000000eab00000, 0x00000000ee180000, 0x0000000100000000)
  eden space 46080K, 0% used [0x00000000eab00000,0x00000000eab00000,0x00000000ed800000)
  from space 5632K, 54% used [0x00000000edc00000,0x00000000edf05d20,0x00000000ee180000)
  to   space 4096K, 0% used [0x00000000ed800000,0x00000000ed800000,0x00000000edc00000)
 ParOldGen       total 394240K, used 346652K [0x00000000c0000000, 0x00000000d8100000, 0x00000000eab00000)
  object space 394240K, 87% used [0x00000000c0000000,0x00000000d5287160,0x00000000d8100000)
 Metaspace       used 81674K, capacity 85712K, committed 86104K, reserved 1126400K
  class space    used 7610K, capacity 9009K, committed 9088K, reserved 1048576K
}
Event: 820.369 GC heap before
{Heap before GC invocations=1201 (full 45):
 PSYoungGen      total 51712K, used 49175K [0x00000000eab00000, 0x00000000ee180000, 0x0000000100000000)
  eden space 46080K, 100% used [0x00000000eab00000,0x00000000ed800000,0x00000000ed800000)
  from space 5632K, 54% used [0x00000000edc00000,0x00000000edf05d20,0x00000000ee180000)
  to   space 4096K, 0% used [0x00000000ed800000,0x00000000ed800000,0x00000000edc00000)
 ParOldGen       total 394240K, used 346652K [0x00000000c0000000, 0x00000000d8100000, 0x00000000eab00000)
  object space 394240K, 87% used [0x00000000c0000000,0x00000000d5287160,0x00000000d8100000)
 Metaspace       used 81820K, capacity 85840K, committed 86104K, reserved 1126400K
  class space    used 7632K, capacity 9009K, committed 9088K, reserved 1048576K
}

