# JRE version: OpenJDK Runtime Environment (11.0+28) (build 11+28)
# Java VM: OpenJDK 64-Bit Server VM (11+28, mixed mode, tiered, compressed oops, parallel gc, windows-amd64)
Heap:
 PSYoungGen      total 25600K, used 6144K [0x00000000eab00000, 0x00000000ed900000, 0x0000000100000000)
  eden space 19456K, 0% used [0x00000000eab00000,0x00000000eab00000,0x00000000ebe00000)
  from space 6144K, 100% used [0x00000000ebe00000,0x00000000ec400000,0x00000000ec400000)
  to   space 12288K, 0% used [0x00000000ecd00000,0x00000000ecd00000,0x00000000ed900000)
 ParOldGen       total 472064K, used 468368K [0x00000000c0000000, 0x00000000dcd00000, 0x00000000eab00000)
  object space 472064K, 99% used [0x00000000c0000000,0x00000000dc9640e8,0x00000000dcd00000)
 Metaspace       used 98211K, capacity 102341K, committed 102656K, reserved 1142784K
  class space    used 8605K, capacity 10126K, committed 10240K, reserved 1048576K
GC Heap History (10 events):
Event: 14163.987 GC heap after
{Heap after GC invocations=17096 (full 507):
 PSYoungGen      total 22528K, used 314K [0x00000000eab00000, 0x00000000ec500000, 0x0000000100000000)
  eden space 22016K, 0% used [0x00000000eab00000,0x00000000eab00000,0x00000000ec080000)
  from space 512K, 61% used [0x00000000ec380000,0x00000000ec3ce900,0x00000000ec400000)
  to   space 1024K, 0% used [0x00000000ec400000,0x00000000ec400000,0x00000000ec500000)
 ParOldGen       total 472064K, used 458491K [0x00000000c0000000, 0x00000000dcd00000, 0x00000000eab00000)
  object space 472064K, 97% used [0x00000000c0000000,0x00000000dbfbef48,0x00000000dcd00000)
 Metaspace       used 98211K, capacity 102341K, committed 102656K, reserved 1142784K
  class space    used 8605K, capacity 10126K, committed 10240K, reserved 1048576K
}
Event: 14164.019 GC heap before
{Heap before GC invocations=17097 (full 507):
 PSYoungGen      total 22528K, used 22330K [0x00000000eab00000, 0x00000000ec500000, 0x0000000100000000)
  eden space 22016K, 100% used [0x00000000eab00000,0x00000000ec080000,0x00000000ec080000)
  from space 512K, 61% used [0x00000000ec380000,0x00000000ec3ce900,0x00000000ec400000)
  to   space 1024K, 0% used [0x00000000ec400000,0x00000000ec400000,0x00000000ec500000)
 ParOldGen       total 472064K, used 458491K [0x00000000c0000000, 0x00000000dcd00000, 0x00000000eab00000)
  object space 472064K, 97% used [0x00000000c0000000,0x00000000dbfbef48,0x00000000dcd00000)
 Metaspace       used 98211K, capacity 102341K, committed 102656K, reserved 1142784K
  class space    used 8605K, capacity 10126K, committed 10240K, reserved 1048576K
}
Event: 14164.022 GC heap after
{Heap after GC invocations=17097 (full 507):
 PSYoungGen      total 23040K, used 650K [0x00000000eab00000, 0x00000000ec500000, 0x0000000100000000)
  eden space 22016K, 0% used [0x00000000eab00000,0x00000000eab00000,0x00000000ec080000)
  from space 1024K, 63% used [0x00000000ec400000,0x00000000ec4a2910,0x00000000ec500000)
  to   space 1024K, 0% used [0x00000000ec300000,0x00000000ec300000,0x00000000ec400000)
 ParOldGen       total 472064K, used 458712K [0x00000000c0000000, 0x00000000dcd00000, 0x00000000eab00000)
  object space 472064K, 97% used [0x00000000c0000000,0x00000000dbff6168,0x00000000dcd00000)
 Metaspace       used 98211K, capacity 102341K, committed 102656K, reserved 1142784K
  class space    used 8605K, capacity 10126K, committed 10240K, reserved 1048576K
}
Event: 14164.048 GC heap before
{Heap before GC invocations=17098 (full 507):
 PSYoungGen      total 23040K, used 22666K [0x00000000eab00000, 0x00000000ec500000, 0x0000000100000000)
  eden space 22016K, 100% used [0x00000000eab00000,0x00000000ec080000,0x00000000ec080000)
  from space 1024K, 63% used [0x00000000ec400000,0x00000000ec4a2910,0x00000000ec500000)
  to   space 1024K, 0% used [0x00000000ec300000,0x00000000ec300000,0x00000000ec400000)
 ParOldGen       total 472064K, used 458712K [0x00000000c0000000, 0x00000000dcd00000, 0x00000000eab00000)
  object space 472064K, 97% used [0x00000000c0000000,0x00000000dbff6168,0x00000000dcd00000)
 Metaspace       used 98211K, capacity 102341K, committed 102656K, reserved 1142784K
  class space    used 8605K, capacity 10126K, committed 10240K, reserved 1048576K
}
Event: 14164.052 GC heap after
{Heap after GC invocations=17098 (full 507):
 PSYoungGen      total 23040K, used 314K [0x00000000eab00000, 0x00000000ec480000, 0x0000000100000000)
  eden space 22016K, 0% used [0x00000000eab00000,0x00000000eab00000,0x00000000ec080000)
  from space 1024K, 30% used [0x00000000ec300000,0x00000000ec34e900,0x00000000ec400000)
  to   space 512K, 0% used [0x00000000ec400000,0x00000000ec400000,0x00000000ec480000)
 ParOldGen       total 472064K, used 459032K [0x00000000c0000000, 0x00000000dcd00000, 0x00000000eab00000)
  object space 472064K, 97% used [0x00000000c0000000,0x00000000dc046168,0x00000000dcd00000)
 Metaspace       used 98211K, capacity 102341K, committed 102656K, reserved 1142784K
  class space    used 8605K, capacity 10126K, committed 10240K, reserved 1048576K
}
Event: 14164.127 GC heap before
{Heap before GC invocations=17099 (full 507):
 PSYoungGen      total 23040K, used 22330K [0x00000000eab00000, 0x00000000ec480000, 0x0000000100000000)
  eden space 22016K, 100% used [0x00000000eab00000,0x00000000ec080000,0x00000000ec080000)
  from space 1024K, 30% used [0x00000000ec300000,0x00000000ec34e900,0x00000000ec400000)
  to   space 512K, 0% used [0x00000000ec400000,0x00000000ec400000,0x00000000ec480000)
 ParOldGen       total 472064K, used 459032K [0x00000000c0000000, 0x00000000dcd00000, 0x00000000eab00000)
  object space 472064K, 97% used [0x00000000c0000000,0x00000000dc046168,0x00000000dcd00000)
 Metaspace       used 98211K, capacity 102341K, committed 102656K, reserved 1142784K
  class space    used 8605K, capacity 10126K, committed 10240K, reserved 1048576K
}
Event: 14164.134 GC heap after
{Heap after GC invocations=17099 (full 507):
 PSYoungGen      total 19968K, used 506K [0x00000000eab00000, 0x00000000ecc80000, 0x0000000100000000)
  eden space 19456K, 0% used [0x00000000eab00000,0x00000000eab00000,0x00000000ebe00000)
  from space 512K, 98% used [0x00000000ec400000,0x00000000ec47e900,0x00000000ec480000)
  to   space 6144K, 0% used [0x00000000ebe00000,0x00000000ebe00000,0x00000000ec400000)
 ParOldGen       total 472064K, used 463582K [0x00000000c0000000, 0x00000000dcd00000, 0x00000000eab00000)
  object space 472064K, 98% used [0x00000000c0000000,0x00000000dc4b7a88,0x00000000dcd00000)
 Metaspace       used 98211K, capacity 102341K, committed 102656K, reserved 1142784K
  class space    used 8605K, capacity 10126K, committed 10240K, reserved 1048576K
}
Event: 14164.172 GC heap before
{Heap before GC invocations=17100 (full 507):
 PSYoungGen      total 19968K, used 19962K [0x00000000eab00000, 0x00000000ecc80000, 0x0000000100000000)
  eden space 19456K, 100% used [0x00000000eab00000,0x00000000ebe00000,0x00000000ebe00000)
  from space 512K, 98% used [0x00000000ec400000,0x00000000ec47e900,0x00000000ec480000)
  to   space 6144K, 0% used [0x00000000ebe00000,0x00000000ebe00000,0x00000000ec400000)
 ParOldGen       total 472064K, used 463582K [0x00000000c0000000, 0x00000000dcd00000, 0x00000000eab00000)
  object space 472064K, 98% used [0x00000000c0000000,0x00000000dc4b7a88,0x00000000dcd00000)
 Metaspace       used 98211K, capacity 102341K, committed 102656K, reserved 1142784K
  class space    used 8605K, capacity 10126K, committed 10240K, reserved 1048576K
}
Event: 14164.192 GC heap after
{Heap after GC invocations=17100 (full 507):
 PSYoungGen      total 25600K, used 6144K [0x00000000eab00000, 0x00000000ed900000, 0x0000000100000000)
  eden space 19456K, 0% used [0x00000000eab00000,0x00000000eab00000,0x00000000ebe00000)
  from space 6144K, 100% used [0x00000000ebe00000,0x00000000ec400000,0x00000000ec400000)
  to   space 12288K, 0% used [0x00000000ecd00000,0x00000000ecd00000,0x00000000ed900000)
 ParOldGen       total 472064K, used 468368K [0x00000000c0000000, 0x00000000dcd00000, 0x00000000eab00000)
  object space 472064K, 99% used [0x00000000c0000000,0x00000000dc9640e8,0x00000000dcd00000)
 Metaspace       used 98211K, capacity 102341K, committed 102656K, reserved 1142784K
  class space    used 8605K, capacity 10126K, committed 10240K, reserved 1048576K
}
Event: 14164.192 GC heap before
{Heap before GC invocations=17101 (full 508):
 PSYoungGen      total 25600K, used 6144K [0x00000000eab00000, 0x00000000ed900000, 0x0000000100000000)
  eden space 19456K, 0% used [0x00000000eab00000,0x00000000eab00000,0x00000000ebe00000)
  from space 6144K, 100% used [0x00000000ebe00000,0x00000000ec400000,0x00000000ec400000)
  to   space 12288K, 0% used [0x00000000ecd00000,0x00000000ecd00000,0x00000000ed900000)
 ParOldGen       total 472064K, used 468368K [0x00000000c0000000, 0x00000000dcd00000, 0x00000000eab00000)
  object space 472064K, 99% used [0x00000000c0000000,0x00000000dc9640e8,0x00000000dcd00000)
 Metaspace       used 98211K, capacity 102341K, committed 102656K, reserved 1142784K
  class space    used 8605K, capacity 10126K, committed 10240K, reserved 1048576K
}

